<?xml version="1.0" encoding="UTF-8"?>
<!-- Generated by org.testng.reporters.JUnitReportReporter -->
<testsuite hostname="DESKTOP-3O8K1S7" failures="0" tests="3" name="booking.HomePage" time="18.397" errors="0" timestamp="2021-08-04T19:44:59 IST" skipped="0">
  <testcase classname="booking.HomePage" name="RouteAdd" time="2.398"/>
  <system-out/>
  <testcase classname="booking.HomePage" name="AddCalendar" time="15.979"/>
  <system-out/>
  <testcase classname="booking.HomePage" name="ValidateSearchTitle" time="0.020"/>
  <system-out/>
</testsuite> <!-- booking.HomePage -->
